[18:35:35] [main/INFO]: Setting user: Player259
[18:35:36] [Client thread/INFO]: LWJGL Version: 2.9.1
[18:35:46] [Client thread/INFO]: Reloading ResourceManager: Default, FMLFileResourcePack:Forge Mod Loader, FMLFileResourcePack:Minecraft Forge, FMLFileResourcePack:Project N
[18:35:46] [Sound Library Loader/INFO]: Sound engine started
[18:35:53] [Client thread/INFO]: Created: 16x16 textures/blocks-atlas
[18:35:53] [Client thread/INFO]: Created: 16x16 textures/items-atlas
[18:35:53] [Client thread/INFO]: Reloading ResourceManager: Default, FMLFileResourcePack:Forge Mod Loader, FMLFileResourcePack:Minecraft Forge, FMLFileResourcePack:Project N
[18:35:54] [Client thread/INFO]: Created: 512x256 textures/blocks-atlas
[18:35:54] [Client thread/INFO]: Created: 256x256 textures/items-atlas
[18:35:55] [Sound Library Loader/INFO]: Sound engine started
[18:36:40] [Server thread/INFO]: Starting integrated minecraft server version 1.7.10
[18:36:40] [Server thread/INFO]: Generating keypair
[18:36:41] [Server thread/INFO]: Converting map!
[18:36:41] [Server thread/INFO]: Scanning folders...
[18:36:41] [Server thread/INFO]: Total conversion count is 0
[18:36:41] [Server thread/INFO]: Preparing start region for level 0
[18:36:42] [Server thread/INFO]: Preparing spawn area: 11%
[18:36:43] [Server thread/INFO]: Preparing spawn area: 24%
[18:36:44] [Server thread/INFO]: Preparing spawn area: 38%
[18:36:45] [Server thread/INFO]: Preparing spawn area: 52%
[18:36:46] [Server thread/INFO]: Preparing spawn area: 63%
[18:36:47] [Server thread/INFO]: Preparing spawn area: 76%
[18:36:48] [Server thread/INFO]: Preparing spawn area: 89%
[18:36:49] [Server thread/INFO]: Changing view distance to 8, from 10
[18:36:49] [Server thread/INFO]: Player259[local:E:13aa1636] logged in with entity id 147 at (164.5, 63.0, 246.5)
[18:36:49] [Server thread/INFO]: Player259 joined the game
[18:36:50] [Server thread/INFO]: Saving and pausing game...
[18:36:50] [Server thread/INFO]: Saving chunks for level 'Test_1'/Overworld
[18:36:54] [Server thread/INFO]: Saving chunks for level 'Test_1'/Nether
[18:36:54] [Server thread/INFO]: Saving chunks for level 'Test_1'/The End
[18:36:54] [Server thread/WARN]: Can't keep up! Did the system time change, or is the server overloaded? Running 3687ms behind, skipping 73 tick(s)
[18:37:34] [Client thread/INFO]: Warning: Clientside chunk ticking took 103 ms
[18:38:18] [Server thread/INFO]: Player259 has just earned the achievement [Taking Inventory]
[18:38:18] [Client thread/INFO]: [CHAT] Player259 has just earned the achievement [Taking Inventory]
[18:38:58] [Server thread/INFO]: Saving and pausing game...
[18:38:58] [Server thread/INFO]: Saving chunks for level 'Test_1'/Overworld
[18:38:58] [Server thread/INFO]: Saving chunks for level 'Test_1'/Nether
[18:38:58] [Server thread/INFO]: Saving chunks for level 'Test_1'/The End
[18:38:59] [Server thread/INFO]: Stopping server
[18:38:59] [Server thread/INFO]: Saving players
[18:38:59] [Server thread/INFO]: Saving worlds
[18:38:59] [Server thread/INFO]: Saving chunks for level 'Test_1'/Overworld
[18:38:59] [Server thread/INFO]: Saving chunks for level 'Test_1'/Nether
[18:38:59] [Server thread/INFO]: Saving chunks for level 'Test_1'/The End
[18:39:03] [Client thread/INFO]: Stopping!
